2017-08-20 20:11:25,231 - ERROR - Url not found ESCLM1300000013230A
2017-08-20 20:11:25,499 - INFO - Get data from webcam ESARA4400000044134A
2017-08-20 20:11:25,718 - ERROR - 404 Url not found ESMAD2800000028229A
2017-08-20 20:11:25,829 - ERROR - Url not found ESMAD2800000028229A
2017-08-20 20:11:25,939 - ERROR - 404 Url not found ESCAT1700000017475A
2017-08-20 20:11:26,049 - ERROR - Url not found ESCAT1700000017475A
2017-08-20 20:11:26,159 - ERROR - 404 Url not found ESAND1800000018010A
2017-08-20 20:11:26,270 - ERROR - Url not found ESAND1800000018010A
2017-08-20 20:11:26,378 - INFO - Get data from webcam ESAND2300000023680A
2017-08-20 20:11:26,488 - ERROR - Url not found ESAND2300000023680A
2017-08-20 20:11:26,809 - INFO - Get data from webcam ESAND2100000021003B
2017-08-20 20:11:27,028 - INFO - Get data from webcam ESMAD2800000028529A
2017-08-20 20:11:27,138 - ERROR - Url not found ESMAD2800000028529A
2017-08-20 20:11:27,247 - ERROR - 404 Url not found ESPVA0300000003727A
2017-08-20 20:11:27,358 - ERROR - Url not found ESPVA0300000003727A
2017-08-20 20:11:27,468 - ERROR - 404 Url not found ESPVA0300000003829A
2017-08-20 20:11:27,578 - ERROR - Url not found ESPVA0300000003829A
2017-08-20 20:11:27,687 - ERROR - 404 Url not found ESPVA0300000003314A
2017-08-20 20:11:27,797 - ERROR - Url not found ESPVA0300000003314A
2017-08-20 20:11:27,907 - ERROR - 404 Url not found ESCLM1900000019142A
2017-08-20 20:11:28,017 - ERROR - Url not found ESCLM1900000019142A
2017-08-20 20:11:28,126 - ERROR - 404 Url not found ESPVA0300000003780B
2017-08-20 20:11:28,236 - ERROR - Url not found ESPVA0300000003780B
2017-08-20 20:11:28,361 - ERROR - 404 Url not found ESGAL3600000036212A
2017-08-20 20:11:28,503 - ERROR - Url not found ESGAL3600000036212A
2017-08-20 20:11:28,612 - ERROR - 404 Url not found ESPVA4600000046132A
2017-08-20 20:11:28,723 - ERROR - Url not found ESPVA4600000046132A
2017-08-20 20:11:29,429 - ERROR - 404 Url not found ESIBA0700000107200A
2017-08-20 20:11:29,540 - ERROR - Url not found ESIBA0700000107200A
2017-08-20 20:11:29,650 - ERROR - 404 Url not found ESCAT1700000017800A
2017-08-20 20:11:29,764 - ERROR - Url not found ESCAT1700000017800A
2017-08-20 20:11:29,874 - ERROR - 404 Url not found ESCAT0800000008105C
2017-08-20 20:11:29,985 - ERROR - Url not found ESCAT0800000008105C
2017-08-20 20:11:30,095 - ERROR - 404 Url not found ESMUR3000000030180D
2017-08-20 20:11:30,206 - ERROR - Url not found ESMUR3000000030180D
2017-08-20 20:11:30,315 - ERROR - 404 Url not found ESCYL2400000024730A
2017-08-20 20:11:30,426 - ERROR - Url not found ESCYL2400000024730A
2017-08-20 20:11:30,536 - ERROR - 404 Url not found ESCAT2500000025654A
2017-08-20 20:11:30,647 - ERROR - Url not found ESCAT2500000025654A
2017-08-20 20:11:30,756 - ERROR - 404 Url not found ESCAT0800000008191E
2017-08-20 20:11:30,867 - ERROR - Url not found ESCAT0800000008191E
2017-08-20 20:11:30,976 - ERROR - 404 Url not found ESCAT1700000017251D
2017-08-20 20:11:31,087 - ERROR - Url not found ESCAT1700000017251D
2017-08-20 20:11:31,197 - INFO - Get data from webcam ESPVA4600000046119A
2017-08-20 20:11:31,307 - ERROR - Url not found ESPVA4600000046119A
2017-08-20 20:11:31,417 - ERROR - 404 Url not found ESCAT1700000017600B
2017-08-20 20:11:31,528 - ERROR - Url not found ESCAT1700000017600B
2017-08-20 20:11:31,800 - INFO - Get data from webcam ESMUR3000000030648A
2017-08-20 20:11:32,019 - ERROR - 404 Url not found ESCAT0800000008256A
2017-08-20 20:11:32,130 - ERROR - Url not found ESCAT0800000008256A
2017-08-20 20:11:32,405 - INFO - Get data from webcam ESMAD2800000028223A
2017-08-20 20:11:32,624 - ERROR - 404 Url not found ESCAT0800000008224C
2017-08-20 20:11:32,735 - ERROR - Url not found ESCAT0800000008224C
2017-08-20 20:11:32,845 - ERROR - 404 Url not found ESAND4100000041600A
2017-08-20 20:11:32,956 - ERROR - Url not found ESAND4100000041600A
2017-08-20 20:11:33,065 - ERROR - 404 Url not found ESCYL0900000009430B
2017-08-20 20:11:33,177 - ERROR - Url not found ESCYL0900000009430B
2017-08-20 20:11:33,287 - ERROR - 404 Url not found ESAST3300000033203A
2017-08-20 20:11:33,397 - ERROR - Url not found ESAST3300000033203A
2017-08-20 20:11:33,507 - ERROR - 404 Url not found ESAND0400000004120C
2017-08-20 20:11:33,617 - ERROR - Url not found ESAND0400000004120C
2017-08-20 20:11:33,727 - ERROR - 404 Url not found ESCAT1700000017730C
2017-08-20 20:11:33,838 - ERROR - Url not found ESCAT1700000017730C
2017-08-20 20:11:33,947 - ERROR - 404 Url not found ESCAT0800000008224D
2017-08-20 20:11:34,059 - ERROR - Url not found ESCAT0800000008224D
2017-08-20 20:11:34,170 - ERROR - 404 Url not found ESCAT1700000017811A
2017-08-20 20:11:34,282 - ERROR - Url not found ESCAT1700000017811A
2017-08-20 20:11:34,392 - ERROR - 404 Url not found ESCAT0800000008784A
2017-08-20 20:11:34,503 - ERROR - Url not found ESCAT0800000008784A
2017-08-20 20:11:34,613 - ERROR - 404 Url not found ESCAT0800000008260A
2017-08-20 20:11:34,723 - ERROR - Url not found ESCAT0800000008260A
2017-08-20 20:11:34,834 - ERROR - 404 Url not found ESGAL1500000015360A
2017-08-20 20:11:34,945 - ERROR - Url not found ESGAL1500000015360A
2017-08-20 20:11:35,055 - ERROR - 404 Url not found ESCAT1700000017751A
2017-08-20 20:11:35,166 - ERROR - Url not found ESCAT1700000017751A
2017-08-20 20:11:35,275 - ERROR - 404 Url not found ESIBA0700000307710A
2017-08-20 20:11:35,386 - ERROR - Url not found ESIBA0700000307710A
2017-08-20 20:11:35,507 - ERROR - 404 Url not found ESCAT0800000008221B
2017-08-20 20:11:35,619 - ERROR - Url not found ESCAT0800000008221B
2017-08-20 20:11:35,728 - ERROR - 404 Url not found ESPVA0300000003579C
2017-08-20 20:11:35,842 - ERROR - Url not found ESPVA0300000003579C
2017-08-20 20:11:36,006 - INFO - Get data from webcam ESCLM0200000002400A
2017-08-20 20:11:36,226 - ERROR - 404 Url not found ESAND1100000011100B
2017-08-20 20:11:36,336 - ERROR - Url not found ESAND1100000011100B
2017-08-20 20:11:36,446 - ERROR - 404 Url not found ESMAD2800000028691A
2017-08-20 20:11:36,557 - ERROR - Url not found ESMAD2800000028691A
2017-08-20 20:11:36,667 - ERROR - 404 Url not found ESPVA0300000003788A
2017-08-20 20:11:36,778 - ERROR - Url not found ESPVA0300000003788A
2017-08-20 20:11:36,887 - INFO - Get data from webcam ESPVA4600000046410A
2017-08-20 20:11:36,996 - ERROR - Url not found ESPVA4600000046410A
2017-08-20 20:11:37,298 - INFO - Get data from webcam ESGAL1500000015145A
2017-08-20 20:11:37,517 - ERROR - 404 Url not found ESCLM1300000013240A
2017-08-20 20:11:37,628 - ERROR - Url not found ESCLM1300000013240A
2017-08-20 20:11:38,121 - INFO - Get data from webcam ESMAD2800000028522B
2017-08-20 20:11:38,341 - ERROR - 404 Url not found ESCAT0800000008206G
2017-08-20 20:11:38,451 - ERROR - Url not found ESCAT0800000008206G
2017-08-20 20:11:38,560 - ERROR - 404 Url not found ESPVA1200000012200B
2017-08-20 20:11:38,672 - ERROR - Url not found ESPVA1200000012200B
2017-08-20 20:11:38,781 - ERROR - 404 Url not found ESPVA0300000003725D
2017-08-20 20:11:38,892 - ERROR - Url not found ESPVA0300000003725D
2017-08-20 20:11:39,055 - INFO - Get data from webcam ESCAT0800000008301F
2017-08-20 20:11:39,273 - ERROR - 404 Url not found ESMAD2800000028696A
2017-08-20 20:11:39,384 - ERROR - Url not found ESMAD2800000028696A
2017-08-20 20:11:39,494 - ERROR - 404 Url not found ESCAT1700000017257A
2017-08-20 20:11:39,605 - ERROR - Url not found ESCAT1700000017257A
2017-08-20 20:11:39,715 - ERROR - 404 Url not found ESPVA0300000003181B
2017-08-20 20:11:39,825 - ERROR - Url not found ESPVA0300000003181B
2017-08-20 20:11:39,935 - INFO - Get data from webcam ESCAT0800000008811A
2017-08-20 20:11:40,046 - ERROR - Url not found ESCAT0800000008811A
2017-08-20 20:11:40,155 - ERROR - 404 Url not found ESPVA4600000046839A
2017-08-20 20:11:40,266 - ERROR - Url not found ESPVA4600000046839A
2017-08-20 20:11:40,375 - ERROR - 404 Url not found ESPVA4600000046701B
2017-08-20 20:11:40,486 - ERROR - Url not found ESPVA4600000046701B
2017-08-20 20:11:40,596 - ERROR - 404 Url not found ESCAT0800000008398A
2017-08-20 20:11:40,707 - ERROR - Url not found ESCAT0800000008398A
2017-08-20 20:11:40,817 - ERROR - 404 Url not found ESAND2900000029400C
2017-08-20 20:11:40,928 - ERROR - Url not found ESAND2900000029400C
2017-08-20 20:11:41,037 - ERROR - 404 Url not found ESCYL4000000040213A
2017-08-20 20:11:41,147 - ERROR - Url not found ESCYL4000000040213A
2017-08-20 20:11:41,257 - ERROR - 404 Url not found ESCAT2500000025430A
2017-08-20 20:11:41,369 - ERROR - Url not found ESCAT2500000025430A
2017-08-20 20:11:41,478 - ERROR - 404 Url not found ESCAT0800000008903D
2017-08-20 20:11:41,589 - ERROR - Url not found ESCAT0800000008903D
2017-08-20 20:11:41,698 - ERROR - 404 Url not found ESCAT0800000008503A
2017-08-20 20:11:41,809 - ERROR - Url not found ESCAT0800000008503A
2017-08-20 20:11:41,918 - ERROR - 404 Url not found ESPVA4600000046630C
2017-08-20 20:11:42,029 - ERROR - Url not found ESPVA4600000046630C
2017-08-20 20:11:42,302 - INFO - Get data from webcam ESCAT0800000008397A
2017-08-20 20:11:42,521 - ERROR - 404 Url not found ESCAT0800000008530B
2017-08-20 20:11:42,632 - ERROR - Url not found ESCAT0800000008530B
2017-08-20 20:11:42,905 - INFO - Get data from webcam ESPVA0300000003780E
2017-08-20 20:11:43,124 - ERROR - 404 Url not found ESICA3800000138300C
2017-08-20 20:11:43,235 - ERROR - Url not found ESICA3800000138300C
2017-08-20 20:11:43,345 - ERROR - 404 Url not found ESPVA0300000003780G
2017-08-20 20:11:44,194 - ERROR - Url not found ESPVA0300000003780G
2017-08-20 20:11:44,303 - INFO - Get data from webcam ESCAT2500000025595A
2017-08-20 20:11:44,413 - ERROR - Url not found ESCAT2500000025595A
2017-08-20 20:11:44,523 - ERROR - 404 Url not found ESPVA0300000003111A
2017-08-20 20:11:44,634 - ERROR - Url not found ESPVA0300000003111A
2017-08-20 20:11:44,743 - ERROR - 404 Url not found ESCAT0800000008650B
2017-08-20 20:11:44,855 - ERROR - Url not found ESCAT0800000008650B
2017-08-20 20:11:45,070 - INFO - Get data from webcam ESAND2900000029649A
2017-08-20 20:11:45,291 - ERROR - 404 Url not found ESPVA4600000046880D
2017-08-20 20:11:45,402 - ERROR - Url not found ESPVA4600000046880D
2017-08-20 20:11:45,511 - ERROR - 404 Url not found ESPVA4600000046870B
2017-08-20 20:11:45,622 - ERROR - Url not found ESPVA4600000046870B
2017-08-20 20:11:45,731 - ERROR - 404 Url not found ESAND0400000004006A
2017-08-20 20:11:45,842 - ERROR - Url not found ESAND0400000004006A
2017-08-20 20:11:45,951 - ERROR - 404 Url not found ESCLM1300000013380A
2017-08-20 20:11:46,061 - ERROR - Url not found ESCLM1300000013380A
2017-08-20 20:11:46,279 - INFO - Get data from webcam ESCLM0200000002640B
2017-08-20 20:11:46,499 - ERROR - 404 Url not found ESCAT0800000008226C
2017-08-20 20:11:46,610 - ERROR - Url not found ESCAT0800000008226C
2017-08-20 20:11:46,847 - INFO - Get data from webcam ESGAL3600000036350A
2017-08-20 20:11:47,066 - ERROR - 404 Url not found ESAST3300000033402A
2017-08-20 20:11:47,177 - ERROR - Url not found ESAST3300000033402A
2017-08-20 20:11:47,778 - INFO - Get data from webcam ESPVA0300000003183A
2017-08-20 20:11:47,997 - ERROR - 404 Url not found ESPVA0300000003725C
2017-08-20 20:11:48,108 - ERROR - Url not found ESPVA0300000003725C
2017-08-20 20:11:48,228 - ERROR - 404 Url not found ESCAT0800000008360F
2017-08-20 20:11:48,339 - ERROR - Url not found ESCAT0800000008360F
2017-08-20 20:11:48,448 - ERROR - 404 Url not found ESCAT4300000043550A
2017-08-20 20:11:48,595 - ERROR - Url not found ESCAT4300000043550A
2017-08-20 20:11:49,921 - INFO - Get data from webcam ESCAT1700000017846B
2017-08-20 20:11:50,364 - INFO - Get data from webcam ESMAD2800000028904A
2017-08-20 20:11:50,584 - ERROR - 404 Url not found ESPVA0300000003792C
2017-08-20 20:11:50,695 - ERROR - Url not found ESPVA0300000003792C
2017-08-20 20:11:50,808 - ERROR - 404 Url not found ESPVA0300000003150A
2017-08-20 20:11:50,919 - ERROR - Url not found ESPVA0300000003150A
2017-08-20 20:11:51,028 - ERROR - 404 Url not found ESPVA0300000003724B
2017-08-20 20:11:51,139 - ERROR - Url not found ESPVA0300000003724B
2017-08-20 20:11:51,248 - ERROR - 404 Url not found ESIBA0700000107007A
2017-08-20 20:11:51,359 - ERROR - Url not found ESIBA0700000107007A
2017-08-20 20:11:51,469 - ERROR - 404 Url not found ESEUS4800000048330B
2017-08-20 20:11:51,580 - ERROR - Url not found ESEUS4800000048330B
2017-08-20 20:11:51,689 - ERROR - 404 Url not found ESPVA0300000003830E
2017-08-20 20:11:51,800 - ERROR - Url not found ESPVA0300000003830E
2017-08-20 20:11:51,910 - ERROR - 404 Url not found ESPVA0300000003779A
2017-08-20 20:11:52,020 - ERROR - Url not found ESPVA0300000003779A
2017-08-20 20:11:52,130 - ERROR - 404 Url not found ESIBA0700000107141F
2017-08-20 20:11:52,240 - ERROR - Url not found ESIBA0700000107141F
2017-08-20 20:11:52,349 - ERROR - 404 Url not found ESMAD2800000028450B
2017-08-20 20:11:52,460 - ERROR - Url not found ESMAD2800000028450B
2017-08-20 20:11:52,569 - ERROR - 404 Url not found ESCAT0800000008020A
2017-08-20 20:11:52,680 - ERROR - Url not found ESCAT0800000008020A
2017-08-20 20:11:52,956 - INFO - Get data from webcam ESPVA1200000012600A
2017-08-20 20:11:53,175 - ERROR - 404 Url not found ESMAD2800000028500A
2017-08-20 20:11:53,286 - ERROR - Url not found ESMAD2800000028500A
2017-08-20 20:11:53,396 - ERROR - 404 Url not found ESCAT2500000025600A
2017-08-20 20:11:53,507 - ERROR - Url not found ESCAT2500000025600A
2017-08-20 20:11:53,837 - INFO - Get data from webcam ESCAT0800000008304A
2017-08-20 20:11:54,056 - ERROR - 404 Url not found ESPVA1200000012590B
2017-08-20 20:11:54,167 - ERROR - Url not found ESPVA1200000012590B
2017-08-20 20:11:54,332 - INFO - Get data from webcam ESIBA0700000107670B
2017-08-20 20:11:54,552 - ERROR - 404 Url not found ESPVA4600000046191A
2017-08-20 20:11:54,663 - ERROR - Url not found ESPVA4600000046191A
2017-08-20 20:11:54,798 - ERROR - 404 Url not found ESAND4100000041860B
2017-08-20 20:11:54,910 - ERROR - Url not found ESAND4100000041860B
2017-08-20 20:11:55,019 - ERROR - 404 Url not found ESIBA0700000107190A
2017-08-20 20:11:55,130 - ERROR - Url not found ESIBA0700000107190A
2017-08-20 20:11:55,240 - ERROR - 404 Url not found ESPVA4600000046841A
2017-08-20 20:11:55,351 - ERROR - Url not found ESPVA4600000046841A
2017-08-20 20:11:55,462 - ERROR - 404 Url not found ESIBA0700000107340B
2017-08-20 20:11:55,573 - ERROR - Url not found ESIBA0700000107340B
2017-08-20 20:11:55,683 - ERROR - 404 Url not found ESIBA0700000107350A
2017-08-20 20:11:55,794 - ERROR - Url not found ESIBA0700000107350A
2017-08-20 20:11:55,904 - ERROR - 404 Url not found ESCAT0800000008470D
2017-08-20 20:11:56,014 - ERROR - Url not found ESCAT0800000008470D
2017-08-20 20:11:56,123 - ERROR - 404 Url not found ESCLM0200000002600A
2017-08-20 20:11:56,235 - ERROR - Url not found ESCLM0200000002600A
2017-08-20 20:11:56,747 - INFO - Get data from webcam ESPVA4600000046400A
2017-08-20 20:11:56,967 - ERROR - 404 Url not found ESMAD2800000028035A
2017-08-20 20:11:57,078 - ERROR - Url not found ESMAD2800000028035A
2017-08-20 20:11:57,187 - ERROR - 404 Url not found ESMUR3000000030510G
2017-08-20 20:11:57,298 - ERROR - Url not found ESMUR3000000030510G
2017-08-20 20:11:57,408 - ERROR - 404 Url not found ESIBA0700000107590B
2017-08-20 20:11:57,519 - ERROR - Url not found ESIBA0700000107590B
2017-08-20 20:11:57,628 - ERROR - 404 Url not found ESPVA0300000003502A
2017-08-20 20:11:57,739 - ERROR - Url not found ESPVA0300000003502A
2017-08-20 20:11:57,848 - ERROR - 404 Url not found ESAST3300000033940B
2017-08-20 20:11:57,959 - ERROR - Url not found ESAST3300000033940B
2017-08-20 20:11:58,069 - INFO - Get data from webcam ESCAT0800000008349A
2017-08-20 20:11:58,288 - ERROR - 404 Url not found ESMUR3000000030140A
2017-08-20 20:11:58,398 - ERROR - Url not found ESMUR3000000030140A
2017-08-20 20:11:58,508 - ERROR - 404 Url not found ESCYL4700000047140B
2017-08-20 20:11:58,619 - ERROR - Url not found ESCYL4700000047140B
2017-08-20 20:11:58,728 - ERROR - 404 Url not found ESCAT0800000008915A
2017-08-20 20:11:58,840 - ERROR - Url not found ESCAT0800000008915A
2017-08-20 20:11:58,949 - ERROR - 404 Url not found ESCYL4700000047014A
2017-08-20 20:11:59,060 - ERROR - Url not found ESCYL4700000047014A
2017-08-20 20:11:59,200 - ERROR - 404 Url not found ESCAT0800000008226A
2017-08-20 20:11:59,311 - ERROR - Url not found ESCAT0800000008226A
2017-08-20 20:11:59,420 - ERROR - 404 Url not found ESPVA4600000046117A
2017-08-20 20:11:59,530 - ERROR - Url not found ESPVA4600000046117A
2017-08-20 20:11:59,695 - INFO - Get data from webcam ESCLM0200000002500A
2017-08-20 20:12:00,041 - INFO - Get data from webcam ESGAL1500000015200A
2017-08-20 20:12:00,259 - ERROR - 404 Url not found ESARA5000000050409B
2017-08-20 20:12:00,370 - ERROR - Url not found ESARA5000000050409B
2017-08-20 20:12:00,480 - ERROR - 404 Url not found ESAND1400000014500A
2017-08-20 20:12:00,591 - ERROR - Url not found ESAND1400000014500A
2017-08-20 20:12:00,700 - ERROR - 404 Url not found ESAND2900000029400D
2017-08-20 20:12:00,811 - ERROR - Url not found ESAND2900000029400D
2017-08-20 20:12:00,920 - ERROR - 404 Url not found ESCAT4300000043003B
2017-08-20 20:12:01,031 - ERROR - Url not found ESCAT4300000043003B
2017-08-20 20:12:01,247 - INFO - Get data from webcam ESCLM1300000013001A
2017-08-20 20:12:01,467 - INFO - Get data from webcam ESCYL0900000009196A
2017-08-20 20:12:01,577 - ERROR - Url not found ESCYL0900000009196A
2017-08-20 20:12:01,686 - ERROR - 404 Url not found ESCAT1700000017257B
2017-08-20 20:12:01,796 - ERROR - Url not found ESCAT1700000017257B
2017-08-20 20:12:01,906 - INFO - Get data from webcam ESMUR3000000030430D
2017-08-20 20:12:02,016 - ERROR - Url not found ESMUR3000000030430D
2017-08-20 20:12:02,125 - ERROR - 404 Url not found ESPVA4600000046850B
2017-08-20 20:12:02,236 - ERROR - Url not found ESPVA4600000046850B
2017-08-20 20:12:02,345 - ERROR - 404 Url not found ESAND1100000011160A
2017-08-20 20:12:02,456 - ERROR - Url not found ESAND1100000011160A
2017-08-20 20:12:02,565 - ERROR - 404 Url not found ESPVA0300000003660B
2017-08-20 20:12:02,676 - ERROR - Url not found ESPVA0300000003660B
2017-08-20 20:12:02,786 - ERROR - 404 Url not found ESCYL3700000037300A
2017-08-20 20:12:02,897 - ERROR - Url not found ESCYL3700000037300A
2017-08-20 20:12:03,005 - ERROR - 404 Url not found ESPVA1200000012539A
2017-08-20 20:12:03,116 - ERROR - Url not found ESPVA1200000012539A
2017-08-20 20:12:03,226 - ERROR - 404 Url not found ESMAD2800000028049A
2017-08-20 20:12:03,337 - ERROR - Url not found ESMAD2800000028049A
2017-08-20 20:12:03,445 - ERROR - 404 Url not found ESCLM1900000019210B
2017-08-20 20:12:03,556 - ERROR - Url not found ESCLM1900000019210B
2017-08-20 20:12:03,679 - ERROR - 404 Url not found ESMAD2800000028240B
2017-08-20 20:12:03,790 - ERROR - Url not found ESMAD2800000028240B
2017-08-20 20:12:03,900 - ERROR - 404 Url not found ESCAT1700000017001B
2017-08-20 20:12:04,011 - ERROR - Url not found ESCAT1700000017001B
2017-08-20 20:12:04,174 - INFO - Get data from webcam ESCYL3400000034830A
2017-08-20 20:12:04,516 - INFO - Get data from webcam ESCLM0200000002200A
2017-08-20 20:12:04,867 - INFO - #### START PYWEBCAM FROM #### tiempovistazo
2017-08-20 20:12:05,402 - INFO - Get data from webcam manual stations
2017-08-20 20:12:06,512 - INFO - Get data from webcam tiempovistazo_3744604
2017-08-20 20:12:06,822 - INFO - Get data from webcam tiempovistazo_3691347
2017-08-20 20:12:07,198 - INFO - Get data from webcam tiempovistazo_42241973
2017-08-20 20:12:07,516 - INFO - Get data from webcam tiempovistazo_42221945
2017-08-20 20:12:07,874 - INFO - Get data from webcam tiempovistazo_4271795
2017-08-20 20:12:12,881 - ERROR - timed out Url tiempovistazo_41620617
2017-08-20 20:12:14,009 - INFO - Get data from webcam tiempovistazo_3863115
2017-08-20 20:12:14,426 - INFO - Get data from webcam tiempovistazo_41812100
2017-08-20 20:12:14,922 - ERROR - Station out of area tiempovistazo_4344388
2017-08-20 20:12:15,030 - ERROR - [Errno -2] Name or service not known Url tiempovistazo_3882060
2017-08-20 20:12:15,717 - INFO - Get data from webcam tiempovistazo_3730611
2017-08-20 20:12:16,259 - INFO - Get data from webcam tiempovistazo_4224043
2017-08-20 20:12:21,370 - ERROR - timed out Url tiempovistazo_41812511
2017-08-20 20:12:21,599 - INFO - Get data from webcam tiempovistazo_4082396
2017-08-20 20:12:23,891 - INFO - Get data from webcam tiempovistazo_4082396
2017-08-20 20:12:27,035 - ERROR - [Errno 113] No route to host Url tiempovistazo_41150875
2017-08-20 20:12:27,238 - ERROR - Forbidden Url tiempovistazo_41140820
2017-08-20 20:12:27,346 - ERROR - Forbidden Url tiempovistazo_41140837
2017-08-20 20:12:27,756 - INFO - Get data from webcam tiempovistazo_42091845
2017-08-20 20:12:28,230 - INFO - Get data from webcam tiempovistazo_42391921
2017-08-20 20:12:28,468 - INFO - Get data from webcam tiempovistazo_4326406
2017-08-20 20:12:33,753 - ERROR - Station out of area tiempovistazo_4270704
2017-08-20 20:12:33,755 - ERROR - Station out of area tiempovistazo_4270704
2017-08-20 20:12:33,757 - ERROR - Station out of area tiempovistazo_4270704
2017-08-20 20:12:35,336 - ERROR - Station out of area tiempovistazo_4235789
2017-08-20 20:12:35,337 - ERROR - Station out of area tiempovistazo_4235789
2017-08-20 20:12:48,383 - INFO - Get data from webcam tiempovistazo_4259556
2017-08-20 20:12:59,615 - INFO - Get data from webcam tiempovistazo_4302505
2017-08-20 20:13:04,782 - ERROR - timed out Url tiempovistazo_4248628
2017-08-20 20:13:09,789 - ERROR - timed out Url tiempovistazo_4278484
2017-08-20 20:13:10,088 - INFO - Get data from webcam tiempovistazo_4165087
2017-08-20 20:13:10,331 - INFO - Get data from webcam tiempovistazo_4165088
2017-08-20 20:13:10,332 - ERROR - Station out of area tiempovistazo_4165088
2017-08-20 20:13:12,302 - INFO - Get data from webcam tiempovistazo_3887110
2017-08-20 20:13:13,050 - INFO - Get data from webcam tiempovistazo_4215288
2017-08-20 20:13:13,867 - INFO - Get data from webcam tiempovistazo_4281164
2017-08-20 20:13:15,052 - INFO - Get data from webcam tiempovistazo_4007213
2017-08-20 20:13:15,936 - INFO - Get data from webcam tiempovistazo_3920031
2017-08-20 20:13:16,462 - INFO - Get data from webcam tiempovistazo_3986402
2017-08-20 20:13:17,098 - INFO - Get data from webcam tiempovistazo_4151573
2017-08-20 20:13:17,464 - INFO - Get data from webcam tiempovistazo_42321959
2017-08-20 20:13:17,653 - INFO - Get data from webcam tiempovistazo_42321903
2017-08-20 20:13:17,655 - ERROR - Station out of area tiempovistazo_42321903
2017-08-20 20:13:42,678 - ERROR - [Errno -2] Name or service not known Url tiempovistazo_4246244
2017-08-20 20:14:02,699 - ERROR - [Errno -5] No address associated with hostname Url tiempovistazo_4235254
2017-08-20 20:14:03,312 - INFO - Get data from webcam tiempovistazo_3659622
2017-08-20 20:14:03,395 - ERROR - [Errno -2] Name or service not known Url tiempovistazo_4295637
2017-08-20 20:14:03,683 - ERROR - Not Found Url tiempovistazo_41492295
2017-08-20 20:14:05,646 - INFO - Get data from webcam tiempovistazo_4330423
2017-08-20 20:14:06,096 - INFO - Get data from webcam tiempovistazo_4330423
2017-08-20 20:14:11,104 - ERROR - timed out Url tiempovistazo_4331200
2017-08-20 20:14:11,599 - INFO - Get data from webcam tiempovistazo_42600522
2017-08-20 20:14:12,224 - ERROR - Analysis head: Url not found http://sierranevada.es/_extras/fotos_camaras/camaramsn/MeliaSyN.jpg
2017-08-20 20:14:12,718 - INFO - Get data from webcam tiempovistazo_4233370
2017-08-20 20:14:12,778 - ERROR - Forbidden Url tiempovistazo_4231375
2017-08-20 20:14:13,189 - ERROR - Not Found Url tiempovistazo_4205351
2017-08-20 20:14:13,842 - INFO - Get data from webcam tiempovistazo_4305480
2017-08-20 20:14:15,279 - INFO - Get data from webcam tiempovistazo_4293357
2017-08-20 20:14:15,982 - INFO - Get data from webcam tiempovistazo_4278485
2017-08-20 20:14:16,467 - INFO - Get data from webcam tiempovistazo_4094411
2017-08-20 20:14:17,224 - INFO - Get data from webcam tiempovistazo_41331362
2017-08-20 20:14:17,477 - ERROR - Forbidden Url tiempovistazo_3898392
2017-08-20 20:14:17,478 - ERROR - Station out of area tiempovistazo_3898392
2017-08-20 20:14:22,485 - ERROR - timed out Url tiempovistazo_4150500
2017-08-20 20:14:23,581 - INFO - Get data from webcam tiempovistazo_38931236
2017-08-20 20:14:23,858 - INFO - Get data from webcam tiempovistazo_2849138
2017-08-20 20:14:29,022 - ERROR - timed out Url tiempovistazo_3941079
2017-08-20 20:14:30,132 - INFO - Get data from webcam tiempovistazo_3825070
2017-08-20 20:14:31,365 - INFO - Get data from webcam tiempovistazo_3938054
2017-08-20 20:14:32,504 - INFO - Get data from webcam tiempovistazo_3918043
2017-08-20 20:14:33,217 - INFO - Get data from webcam tiempovistazo_3806105
2017-08-20 20:14:33,496 - INFO - Get data from webcam tiempovistazo_3729187
2017-08-20 20:14:33,875 - INFO - Get data from webcam tiempovistazo_3686414
2017-08-20 20:14:36,665 - INFO - Get data from webcam tiempovistazo_42070915
2017-08-20 20:14:36,971 - INFO - Get data from webcam tiempovistazo_41601921
2017-08-20 20:14:38,042 - INFO - Get data from webcam tiempovistazo_4277035
2017-08-20 20:14:38,357 - INFO - Get data from webcam tiempovistazo_41542114
2017-08-20 20:14:38,937 - INFO - Get data from webcam tiempovistazo_41842281
2017-08-20 20:14:39,472 - INFO - Get data from webcam tiempovistazo_3914032
2017-08-20 20:14:41,206 - INFO - Get data from webcam tiempovistazo_4346380
2017-08-20 20:15:12,669 - INFO - Get data from webcam tiempovistazo_4306537
2017-08-20 20:15:13,142 - INFO - Get data from webcam tiempovistazo_4215319
2017-08-20 20:15:28,647 - ERROR - [Errno -2] Name or service not known Url tiempovistazo_3769209
2017-08-20 20:15:29,106 - INFO - Get data from webcam tiempovistazo_41582577
2017-08-20 20:15:29,554 - INFO - Get data from webcam tiempovistazo_41331111
2017-08-20 20:15:30,042 - INFO - Get data from webcam tiempovistazo_3797067
2017-08-20 20:15:30,719 - INFO - Get data from webcam tiempovistazo_4164472
2017-08-20 20:15:31,507 - INFO - Get data from webcam tiempovistazo_3636618
2017-08-20 20:15:32,211 - INFO - Get data from webcam tiempovistazo_4329197
2017-08-20 20:15:32,514 - ERROR - Analysis head: Url not found http://www.eitb.com/multimedia/images/webcams/wcam4.jpg
2017-08-20 20:15:37,521 - ERROR - timed out Url tiempovistazo_4341272
2017-08-20 20:15:42,529 - ERROR - timed out Url tiempovistazo_4330236
2017-08-20 20:15:45,980 - ERROR - [Errno 113] No route to host Url tiempovistazo_2846164
2017-08-20 20:15:48,925 - INFO - Get data from webcam tiempovistazo_42421211
2017-08-20 20:15:49,720 - INFO - Get data from webcam tiempovistazo_2801155
2017-08-20 20:15:50,125 - INFO - Get data from webcam tiempovistazo_2799156
2017-08-20 20:15:50,499 - INFO - Get data from webcam tiempovistazo_3738601
2017-08-20 20:15:50,925 - INFO - Get data from webcam tiempovistazo_41781290
2017-08-20 20:15:50,927 - ERROR - Station out of area tiempovistazo_41781290
2017-08-20 20:15:50,928 - ERROR - Station out of area tiempovistazo_41781290
2017-08-20 20:15:56,085 - ERROR - timed out Url tiempovistazo_42221891
2017-08-20 20:16:01,886 - INFO - Get data from webcam tiempovistazo_3660453
2017-08-20 20:16:02,200 - INFO - Get data from webcam tiempovistazo_41300987
2017-08-20 20:16:05,156 - INFO - Get data from webcam tiempovistazo_3678426
2017-08-20 20:16:11,818 - ERROR - timed out Url tiempovistazo_41532086
2017-08-20 20:16:14,305 - INFO - Get data from webcam tiempovistazo_42441906
2017-08-20 20:16:15,438 - INFO - Get data from webcam tiempovistazo_41161464
2017-08-20 20:16:16,434 - ERROR - Not Found Url tiempovistazo_2866178
2017-08-20 20:16:17,039 - ERROR - Analysis head: Url not found http://sierranevada.es/_extras/fotos_camaras/borreguiles/snap.jpg
2017-08-20 20:16:17,473 - INFO - Get data from webcam tiempovistazo_4026446
2017-08-20 20:16:17,899 - INFO - Get data from webcam tiempovistazo_3743604
2017-08-20 20:16:18,833 - INFO - Get data from webcam tiempovistazo_42243194
2017-08-20 20:16:19,226 - INFO - Get data from webcam tiempovistazo_42183094
2017-08-20 20:16:19,842 - INFO - Get data from webcam tiempovistazo_4225296
2017-08-20 20:16:20,207 - INFO - Get data from webcam tiempovistazo_4224296
2017-08-20 20:16:20,702 - INFO - Get data from webcam tiempovistazo_2866177
2017-08-20 20:16:21,058 - INFO - Get data from webcam tiempovistazo_2866177
2017-08-20 20:16:21,336 - INFO - Get data from webcam tiempovistazo_41342039
2017-08-20 20:16:21,651 - INFO - Get data from webcam tiempovistazo_41371162
2017-08-20 20:16:22,063 - INFO - Get data from webcam tiempovistazo_2847163
2017-08-20 20:16:22,597 - INFO - Get data from webcam tiempovistazo_4331301
2017-08-20 20:16:22,992 - INFO - Get data from webcam tiempovistazo_42590538
2017-08-20 20:16:23,310 - INFO - Get data from webcam tiempovistazo_42600524
2017-08-20 20:16:23,687 - INFO - Get data from webcam tiempovistazo_3672262
2017-08-20 20:16:24,146 - ERROR - Petición incorrecta Url tiempovistazo_4220223
2017-08-20 20:16:24,702 - INFO - Get data from webcam tiempovistazo_4272193
2017-08-20 20:16:24,937 - ERROR - Petición incorrecta Url tiempovistazo_4217174
2017-08-20 20:16:25,168 - ERROR - Petición incorrecta Url tiempovistazo_4244252
2017-08-20 20:16:25,390 - ERROR - Petición incorrecta Url tiempovistazo_4233300
2017-08-20 20:16:25,618 - ERROR - Petición incorrecta Url tiempovistazo_4229199
2017-08-20 20:16:26,380 - INFO - Get data from webcam tiempovistazo_42530506
2017-08-20 20:16:26,823 - INFO - Get data from webcam tiempovistazo_4334405
2017-08-20 20:16:27,012 - INFO - Get data from webcam tiempovistazo_42331938
2017-08-20 20:16:27,202 - INFO - Get data from webcam tiempovistazo_42331940
2017-08-20 20:16:27,391 - INFO - Get data from webcam tiempovistazo_42392152
2017-08-20 20:16:27,580 - INFO - Get data from webcam tiempovistazo_42392153
2017-08-20 20:16:27,767 - INFO - Get data from webcam tiempovistazo_42392154
2017-08-20 20:16:28,009 - ERROR - Gone Url tiempovistazo_41862111
2017-08-20 20:16:28,285 - INFO - Get data from webcam tiempovistazo_4030632
2017-08-20 20:16:28,710 - ERROR - Analysis head: Url not found http://www.meteoclimatic.com/webcams/g_ESAND1800000018200B.jpg
2017-08-20 20:16:29,287 - INFO - Get data from webcam tiempovistazo_3886108
2017-08-20 20:16:29,586 - ERROR - Unauthorized Url tiempovistazo_41261770
2017-08-20 20:16:30,173 - INFO - Get data from webcam tiempovistazo_4286269
2017-08-20 20:16:35,181 - ERROR - timed out Url tiempovistazo_39713461
2017-08-20 20:16:37,141 - INFO - Get data from webcam tiempovistazo_4199568
2017-08-20 20:16:40,568 - ERROR - Analysis head: Url not found http://www.meteozafrilla.com/collaoverde/imagenes/foto.jpeg
2017-08-20 20:16:40,856 - ERROR - Gone Url tiempovistazo_3738598
2017-08-20 20:16:41,607 - INFO - Get data from webcam tiempovistazo_3790300
2017-08-20 20:16:45,246 - INFO - Get data from webcam tiempovistazo_4040144
2017-08-20 20:16:45,698 - INFO - Get data from webcam tiempovistazo_42590984
2017-08-20 20:16:45,962 - ERROR - Unauthorized Url tiempovistazo_41602239
2017-08-20 20:16:46,481 - INFO - Get data from webcam tiempovistazo_41552448
2017-08-20 20:16:55,818 - INFO - Get data from webcam tiempovistazo_41492367
2017-08-20 20:16:56,101 - INFO - Get data from webcam tiempovistazo_41560528
2017-08-20 20:16:56,552 - INFO - Get data from webcam tiempovistazo_42500800
2017-08-20 20:16:56,819 - INFO - Get data from webcam tiempovistazo_42182488
2017-08-20 20:16:58,766 - INFO - Get data from webcam tiempovistazo_41552461
2017-08-20 20:16:58,767 - ERROR - Station out of area tiempovistazo_41552461
2017-08-20 20:17:00,713 - INFO - Get data from webcam tiempovistazo_40990922
2017-08-20 20:17:02,544 - INFO - Get data from webcam tiempovistazo_42440068
2017-08-20 20:17:02,872 - INFO - Get data from webcam tiempovistazo_41762390
2017-08-20 20:17:08,990 - ERROR - timed out Url tiempovistazo_41492120
2017-08-20 20:17:09,434 - INFO - Get data from webcam tiempovistazo_42541044
2017-08-20 20:17:09,436 - ERROR - Station out of area tiempovistazo_42541044
2017-08-20 20:17:09,840 - INFO - Get data from webcam tiempovistazo_4164472
2017-08-20 20:17:15,106 - INFO - Get data from webcam tiempovistazo_42070915
2017-08-20 20:17:20,220 - ERROR - timed out Url tiempovistazo_42341774
2017-08-20 20:17:22,501 - INFO - Get data from webcam tiempovistazo_3669450
2017-08-20 20:17:22,956 - INFO - Get data from webcam tiempovistazo_41391444
2017-08-20 20:17:23,431 - INFO - Get data from webcam tiempovistazo_42810265
2017-08-20 20:17:23,825 - INFO - Get data from webcam tiempovistazo_4335584
2017-08-20 20:17:24,210 - INFO - Get data from webcam tiempovistazo_42671219
2017-08-20 20:17:24,525 - INFO - Get data from webcam tiempovistazo_41281245
2017-08-20 20:17:28,669 - INFO - Get data from webcam tiempovistazo_4281541
2017-08-20 20:17:28,959 - INFO - Get data from webcam tiempovistazo_3692417
2017-08-20 20:17:29,639 - INFO - Get data from webcam tiempovistazo_42720198
2017-08-20 20:17:30,171 - INFO - Get data from webcam tiempovistazo_3675386
2017-08-20 20:17:30,589 - INFO - Get data from webcam tiempovistazo_4336587
2017-08-20 20:17:35,597 - ERROR - timed out Url tiempovistazo_4275051
2017-08-20 20:17:35,912 - INFO - Get data from webcam tiempovistazo_41311090
2017-08-20 20:17:36,366 - INFO - Get data from webcam tiempovistazo_42341900
2017-08-20 20:17:36,772 - INFO - Get data from webcam tiempovistazo_42520481
2017-08-20 20:17:36,992 - INFO - Get data from webcam tiempovistazo_3848495
2017-08-20 20:17:38,696 - INFO - Get data from webcam tiempovistazo_38911225
2017-08-20 20:17:43,770 - ERROR - timed out Url tiempovistazo_4272345
2017-08-20 20:17:48,777 - ERROR - timed out Url tiempovistazo_2813154
2017-08-20 20:17:53,785 - ERROR - timed out Url tiempovistazo_42171561
2017-08-20 20:17:54,100 - INFO - Get data from webcam tiempovistazo_41281098
2017-08-20 20:17:54,465 - INFO - Get data from webcam tiempovistazo_4043382
2017-08-20 20:17:54,754 - INFO - Get data from webcam tiempovistazo_4335436
2017-08-20 20:17:55,901 - INFO - Get data from webcam tiempovistazo_4047367
2017-08-20 20:17:56,373 - INFO - Get data from webcam tiempovistazo_4041369
2017-08-20 20:18:01,533 - ERROR - timed out Url tiempovistazo_4059414
2017-08-20 20:18:02,075 - INFO - Get data from webcam tiempovistazo_4341294
2017-08-20 20:18:02,231 - ERROR - Not Found Url tiempovistazo_4290555
2017-08-20 20:18:02,702 - INFO - Get data from webcam tiempovistazo_4180262
2017-08-20 20:18:03,036 - INFO - Get data from webcam tiempovistazo_4348353
2017-08-20 20:18:05,371 - INFO - Get data from webcam tiempovistazo_2773155
2017-08-20 20:18:05,916 - INFO - Get data from webcam tiempovistazo_4229551
2017-08-20 20:18:10,121 - INFO - Get data from webcam tiempovistazo_39562628
2017-08-20 20:18:10,550 - INFO - Get data from webcam tiempovistazo_3847078
2017-08-20 20:18:11,120 - INFO - Get data from webcam tiempovistazo_42350716
2017-08-20 20:18:16,234 - ERROR - timed out Url tiempovistazo_41592564
2017-08-20 20:18:36,533 - ERROR - [Errno -2] Name or service not known Url tiempovistazo_4300413
2017-08-20 20:18:36,862 - INFO - Get data from webcam tiempovistazo_4317654
2017-08-20 20:18:37,132 - INFO - Get data from webcam tiempovistazo_4269542
2017-08-20 20:18:57,150 - ERROR - [Errno -2] Name or service not known Url tiempovistazo_4299413
2017-08-20 20:18:57,422 - ERROR - Precondition Failed Url tiempovistazo_4338429
2017-08-20 20:18:58,837 - INFO - Get data from webcam tiempovistazo_3738599
2017-08-20 20:19:03,522 - INFO - Get data from webcam tiempovistazo_3872066
2017-08-20 20:19:05,226 - INFO - Get data from webcam tiempovistazo_3871066
2017-08-20 20:19:05,644 - INFO - Get data from webcam tiempovistazo_39532724
2017-08-20 20:19:05,973 - INFO - Get data from webcam tiempovistazo_39702630
2017-08-20 20:19:06,422 - INFO - Get data from webcam tiempovistazo_4340269
2017-08-20 20:19:10,301 - ERROR - [Errno 113] No route to host Url tiempovistazo_41632358
2017-08-20 20:19:10,991 - ERROR - Analysis head: Url not found http://webcam.barruelo.com/cam/Cambarruelo.jpg
2017-08-20 20:19:11,712 - INFO - Get data from webcam tiempovistazo_4202375
2017-08-20 20:19:11,995 - INFO - Get data from webcam tiempovistazo_2845164
2017-08-20 20:19:12,641 - ERROR - Unauthorized Url tiempovistazo_3670281
2017-08-20 20:19:12,982 - INFO - Get data from webcam tiempovistazo_4050442
2017-08-20 20:19:17,990 - ERROR - timed out Url tiempovistazo_42221766
2017-08-20 20:19:18,742 - ERROR - Not Found Url tiempovistazo_2892136
2017-08-20 20:19:19,331 - INFO - Get data from webcam tiempovistazo_39792691
2017-08-20 20:19:19,947 - INFO - Get data from webcam tiempovistazo_2814154
2017-08-20 20:19:20,668 - INFO - Get data from webcam tiempovistazo_42331940
2017-08-20 20:19:21,047 - INFO - Get data from webcam tiempovistazo_42341915
2017-08-20 20:19:21,643 - ERROR - Analysis head: Url not found http://sierranevada.es/_extras/fotos_camaras/mobotix/current.jpg
2017-08-20 20:19:21,906 - INFO - Get data from webcam tiempovistazo_4103361
2017-08-20 20:19:23,171 - ERROR - Station out of area tiempovistazo_41111256
2017-08-20 20:19:23,174 - ERROR - Station out of area tiempovistazo_41111256
2017-08-20 20:19:28,296 - ERROR - timed out Url tiempovistazo_42511543
2017-08-20 20:19:28,298 - ERROR - Station out of area tiempovistazo_42511543
2017-08-20 20:19:28,711 - INFO - Get data from webcam tiempovistazo_4303526
2017-08-20 20:19:28,712 - ERROR - Station out of area tiempovistazo_4303526
2017-08-20 20:19:28,713 - ERROR - Station out of area tiempovistazo_4303526
2017-08-20 20:19:28,716 - ERROR - Station out of area tiempovistazo_4303526
2017-08-20 20:19:29,397 - INFO - Get data from webcam tiempovistazo_41610854
2017-08-20 20:19:29,400 - ERROR - Station out of area tiempovistazo_41610854
2017-08-20 20:19:29,401 - ERROR - Station out of area tiempovistazo_41610854
2017-08-20 20:19:29,403 - ERROR - Station out of area tiempovistazo_41610854
2017-08-20 20:19:34,519 - ERROR - timed out Url tiempovistazo_39733282
2017-08-20 20:19:35,278 - ERROR - Station out of area tiempovistazo_4345374
2017-08-20 20:19:35,280 - ERROR - Station out of area tiempovistazo_4345374
2017-08-20 20:19:35,281 - ERROR - Station out of area tiempovistazo_4345374
2017-08-20 20:19:35,282 - ERROR - Station out of area tiempovistazo_4345374
2017-08-20 20:19:35,824 - INFO - Get data from webcam tiempovistazo_4045385
2017-08-20 20:19:37,835 - ERROR - Station out of area tiempovistazo_4328218
2017-08-20 20:19:37,836 - ERROR - Station out of area tiempovistazo_4328218
2017-08-20 20:19:37,838 - ERROR - Station out of area tiempovistazo_4328218
2017-08-20 20:19:37,842 - ERROR - Station out of area tiempovistazo_4328218
2017-08-20 20:19:37,845 - ERROR - Station out of area tiempovistazo_4328218
2017-08-20 20:19:37,846 - ERROR - Station out of area tiempovistazo_4328218
2017-08-20 20:19:37,850 - ERROR - Station out of area tiempovistazo_4328218
2017-08-20 20:19:37,852 - ERROR - Station out of area tiempovistazo_4328218
2017-08-20 20:19:38,687 - INFO - Get data from webcam tiempovistazo_42550467
2017-08-20 20:19:39,121 - ERROR - [Errno 104] Connection reset by peer Url tiempovistazo_42470869
2017-08-20 20:19:39,404 - INFO - Get data from webcam tiempovistazo_3674515
2017-08-20 20:19:42,971 - INFO - Get data from webcam tiempovistazo_3882059
2017-08-20 20:19:43,092 - ERROR - [Errno -2] Name or service not known Url tiempovistazo_4278577
2017-08-20 20:19:43,585 - INFO - Get data from webcam tiempovistazo_4279426
2017-08-20 20:19:43,853 - INFO - Get data from webcam tiempovistazo_41572509
2017-08-20 20:19:43,854 - ERROR - Station out of area tiempovistazo_41572509
2017-08-20 20:19:44,132 - INFO - Get data from webcam tiempovistazo_3865053
2017-08-20 20:19:44,461 - INFO - Get data from webcam tiempovistazo_38660045
2017-08-20 20:19:44,847 - INFO - Get data from webcam tiempovistazo_3900028
2017-08-20 20:19:45,293 - INFO - Get data from webcam tiempovistazo_4092362
2017-08-20 20:19:46,363 - INFO - Get data from webcam tiempovistazo_4060190
2017-08-20 20:19:46,366 - ERROR - Station out of area tiempovistazo_2811154
2017-08-20 20:19:46,720 - INFO - Get data from webcam tiempovistazo_42522059
2017-08-20 20:19:46,955 - INFO - Get data from webcam tiempovistazo_42532020
2017-08-20 20:19:47,238 - INFO - Get data from webcam tiempovistazo_42760576
2017-08-20 20:19:47,457 - INFO - Get data from webcam tiempovistazo_42760578
2017-08-20 20:19:47,677 - INFO - Get data from webcam tiempovistazo_42760582
2017-08-20 20:19:47,896 - INFO - Get data from webcam tiempovistazo_42750544
2017-08-20 20:19:47,899 - ERROR - Station out of area tiempovistazo_42750544
2017-08-20 20:19:47,901 - ERROR - Station out of area tiempovistazo_42750544
2017-08-20 20:19:48,219 - INFO - Get data from webcam tiempovistazo_42331888
2017-08-20 20:19:52,565 - INFO - Get data from webcam tiempovistazo_4260012
2017-08-20 20:19:53,583 - INFO - Get data from webcam tiempovistazo_4251261
2017-08-20 20:19:55,542 - INFO - Get data from webcam tiempovistazo_42220990
2017-08-20 20:19:55,544 - ERROR - Station out of area tiempovistazo_42220990
2017-08-20 20:19:56,515 - INFO - Get data from webcam tiempovistazo_39522550
2017-08-20 20:19:56,630 - ERROR - [Errno 1] _ssl.c:510: error:14077410:SSL routines:SSL23_GET_SERVER_HELLO:sslv3 alert handshake failure Url tiempovistazo_39592596
2017-08-20 20:19:57,733 - INFO - Get data from webcam tiempovistazo_41251240
2017-08-20 20:19:58,111 - INFO - Get data from webcam tiempovistazo_41191635
2017-08-20 20:20:03,118 - ERROR - timed out Url tiempovistazo_4354564
2017-08-20 20:20:03,493 - INFO - Get data from webcam tiempovistazo_41310987
2017-08-20 20:20:03,853 - INFO - Get data from webcam tiempovistazo_2845164
2017-08-20 20:20:04,135 - INFO - Get data from webcam tiempovistazo_4035369
2017-08-20 20:20:04,136 - ERROR - Station out of area tiempovistazo_4035369
2017-08-20 20:20:04,914 - INFO - Get data from webcam tiempovistazo_40880804
2017-08-20 20:20:07,073 - INFO - Get data from webcam tiempovistazo_3818056
2017-08-20 20:20:07,076 - ERROR - Station out of area tiempovistazo_3818056
2017-08-20 20:20:09,568 - INFO - Get data from webcam tiempovistazo_2845163
2017-08-20 20:20:09,856 - INFO - Get data from webcam tiempovistazo_2844163
2017-08-20 20:20:10,327 - INFO - Get data from webcam tiempovistazo_3714367
2017-08-20 20:20:14,088 - INFO - Get data from webcam tiempovistazo_4041369
2017-08-20 20:20:14,091 - ERROR - Station out of area tiempovistazo_4041369
2017-08-20 20:20:14,220 - ERROR - [Errno -2] Name or service not known Url tiempovistazo_41362110
2017-08-20 20:20:14,221 - ERROR - Station out of area tiempovistazo_41362110
2017-08-20 20:20:14,463 - INFO - Get data from webcam tiempovistazo_41211538
2017-08-20 20:20:14,707 - INFO - Get data from webcam tiempovistazo_41221534
2017-08-20 20:20:14,709 - ERROR - Station out of area tiempovistazo_41221534
2017-08-20 20:20:14,710 - ERROR - Station out of area tiempovistazo_41221534
2017-08-20 20:20:14,712 - ERROR - Station out of area tiempovistazo_41221534
2017-08-20 20:20:24,723 - ERROR - timed out Url tiempovistazo_4284713
2017-08-20 20:20:26,030 - INFO - Get data from webcam tiempovistazo_43697265
2017-08-20 20:20:26,032 - ERROR - Station out of area tiempovistazo_43697265
2017-08-20 20:20:26,034 - ERROR - Station out of area tiempovistazo_43697265
2017-08-20 20:20:26,036 - ERROR - Station out of area tiempovistazo_43697265
2017-08-20 20:20:26,038 - ERROR - Station out of area tiempovistazo_43697265
2017-08-20 20:20:26,042 - ERROR - Station out of area tiempovistazo_43697265
2017-08-20 20:20:26,044 - ERROR - Station out of area tiempovistazo_43697265
2017-08-20 20:20:26,045 - ERROR - Station out of area tiempovistazo_43697265
2017-08-20 20:20:26,046 - ERROR - Station out of area tiempovistazo_43697265
2017-08-20 20:20:26,291 - INFO - Get data from webcam tiempovistazo_3946032
2017-08-20 20:20:26,294 - ERROR - Station out of area tiempovistazo_3946032
2017-08-20 20:20:26,296 - ERROR - Station out of area tiempovistazo_3946032
2017-08-20 20:20:26,297 - ERROR - Station out of area tiempovistazo_3946032
2017-08-20 20:20:26,299 - ERROR - Station out of area tiempovistazo_3946032
2017-08-20 20:20:26,300 - ERROR - Station out of area tiempovistazo_3946032
2017-08-20 20:20:26,483 - INFO - Get data from webcam tiempovistazo_3870047
2017-08-20 20:20:27,192 - INFO - Get data from webcam tiempovistazo_4332197
2017-08-20 20:20:27,505 - INFO - Get data from webcam tiempovistazo_41251088
2017-08-20 20:20:27,819 - INFO - Get data from webcam tiempovistazo_41321004
2017-08-20 20:20:29,128 - INFO - Get data from webcam tiempovistazo_41391170
2017-08-20 20:20:29,612 - INFO - Get data from webcam tiempovistazo_4293430
2017-08-20 20:20:30,475 - INFO - Get data from webcam tiempovistazo_3856021
2017-08-20 20:20:31,048 - INFO - Get data from webcam tiempovistazo_41311126
2017-08-20 20:20:31,051 - ERROR - Station out of area tiempovistazo_41311126
2017-08-20 20:20:31,694 - ERROR - Unauthorized Url tiempovistazo_42333203
2017-08-20 20:20:31,975 - INFO - Get data from webcam tiempovistazo_42322104
2017-08-20 20:20:33,219 - INFO - Get data from webcam tiempovistazo_41362189
2017-08-20 20:20:34,821 - INFO - Get data from webcam tiempovistazo_3717361
2017-08-20 20:20:34,930 - ERROR - [Errno 1] _ssl.c:510: error:14077410:SSL routines:SSL23_GET_SERVER_HELLO:sslv3 alert handshake failure Url tiempovistazo_39582599
2017-08-20 20:20:35,200 - INFO - Get data from webcam tiempovistazo_3853013
2017-08-20 20:20:38,435 - ERROR - [Errno 113] No route to host Url tiempovistazo_41520343
2017-08-20 20:20:40,985 - INFO - Get data from webcam tiempovistazo_41492362
2017-08-20 20:20:42,417 - ERROR - Petición incorrecta Url tiempovistazo_4214197
2017-08-20 20:20:42,654 - ERROR - Petición incorrecta Url tiempovistazo_4223245
2017-08-20 20:20:42,889 - ERROR - Petición incorrecta Url tiempovistazo_4225261
2017-08-20 20:20:43,122 - ERROR - Petición incorrecta Url tiempovistazo_4212266
2017-08-20 20:20:43,359 - ERROR - Petición incorrecta Url tiempovistazo_4217284
2017-08-20 20:20:43,738 - INFO - Get data from webcam tiempovistazo_4320147
2017-08-20 20:20:43,961 - INFO - Get data from webcam tiempovistazo_4311144
2017-08-20 20:20:44,243 - INFO - Get data from webcam tiempovistazo_4347350
2017-08-20 20:20:44,245 - ERROR - Station out of area tiempovistazo_4347350
2017-08-20 20:20:44,750 - INFO - Get data from webcam tiempovistazo_4198328
2017-08-20 20:20:48,375 - INFO - Get data from webcam tiempovistazo_3795073
2017-08-20 20:20:49,087 - INFO - Get data from webcam tiempovistazo_4285437
2017-08-20 20:20:49,090 - ERROR - Station out of area tiempovistazo_4285437
2017-08-20 20:20:49,092 - ERROR - Station out of area tiempovistazo_4285437
2017-08-20 20:20:49,093 - ERROR - Station out of area tiempovistazo_4285437
2017-08-20 20:20:52,200 - INFO - Get data from webcam tiempovistazo_42222614
2017-08-20 20:20:52,622 - INFO - Get data from webcam tiempovistazo_3870046
2017-08-20 20:20:52,624 - ERROR - Station out of area tiempovistazo_3870046
2017-08-20 20:20:52,627 - ERROR - Station out of area tiempovistazo_3870046
2017-08-20 20:20:52,630 - ERROR - Station out of area tiempovistazo_3870046
2017-08-20 20:20:53,080 - INFO - Get data from webcam tiempovistazo_3874042
2017-08-20 20:20:53,084 - ERROR - Station out of area tiempovistazo_3874042
2017-08-20 20:20:54,233 - INFO - Get data from webcam tiempovistazo_41581652
2017-08-20 20:20:54,236 - ERROR - Station out of area tiempovistazo_41581652
2017-08-20 20:20:54,238 - ERROR - Station out of area tiempovistazo_41581652
2017-08-20 20:20:55,580 - INFO - Get data from webcam tiempovistazo_4276329
2017-08-20 20:20:56,579 - INFO - Get data from webcam tiempovistazo_41681406
2017-08-20 20:20:56,978 - ERROR - Forbidden Url tiempovistazo_3940220
2017-08-20 20:20:58,613 - INFO - Get data from webcam tiempovistazo_4035517
2017-08-20 20:20:59,201 - INFO - Get data from webcam tiempovistazo_42551534
2017-08-20 20:20:59,589 - INFO - Get data from webcam tiempovistazo_41211054
2017-08-20 20:20:59,861 - INFO - Get data from webcam tiempovistazo_3788479
2017-08-20 20:21:00,081 - INFO - Get data from webcam tiempovistazo_3733437
2017-08-20 20:21:00,568 - INFO - Get data from webcam tiempovistazo_4304518
2017-08-20 20:21:02,707 - INFO - Get data from webcam tiempovistazo_2805143
2017-08-20 20:21:02,930 - INFO - Get data from webcam tiempovistazo_3788475
2017-08-20 20:21:03,856 - ERROR - Analysis head: Url not found http://www.meteo.spyfly.es/datos/web_cam.jpg
2017-08-20 20:21:03,859 - ERROR - Station out of area tiempovistazo_4254659
2017-08-20 20:21:04,328 - INFO - Get data from webcam tiempovistazo_4304389
2017-08-20 20:21:04,985 - INFO - Get data from webcam tiempovistazo_3870047
2017-08-20 20:21:04,987 - ERROR - Station out of area tiempovistazo_3870047
2017-08-20 20:21:05,398 - INFO - Get data from webcam tiempovistazo_4090338
2017-08-20 20:21:07,172 - INFO - Get data from webcam tiempovistazo_3861065
2017-08-20 20:21:08,344 - INFO - Get data from webcam tiempovistazo_3651499
2017-08-20 20:21:08,658 - INFO - Get data from webcam tiempovistazo_41381081
2017-08-20 20:21:09,263 - INFO - Get data from webcam tiempovistazo_3718360
2017-08-20 20:21:09,893 - INFO - Get data from webcam tiempovistazo_3717359
2017-08-20 20:21:10,488 - INFO - Get data from webcam tiempovistazo_4331201
2017-08-20 20:21:11,447 - INFO - Get data from webcam tiempovistazo_41241563
2017-08-20 20:21:11,633 - INFO - Get data from webcam tiempovistazo_3870046
2017-08-20 20:21:12,817 - INFO - Get data from webcam tiempovistazo_39572390
2017-08-20 20:21:13,160 - INFO - Get data from webcam tiempovistazo_4028277
2017-08-20 20:21:13,488 - INFO - Get data from webcam tiempovistazo_41371264
2017-08-20 20:21:13,787 - INFO - Get data from webcam tiempovistazo_2876179
2017-08-20 20:21:16,963 - INFO - Get data from webcam tiempovistazo_42143053
2017-08-20 20:21:23,500 - ERROR - timed out Url tiempovistazo_4273052
2017-08-20 20:21:28,617 - ERROR - timed out Url tiempovistazo_3936045
2017-08-20 20:21:29,127 - INFO - Get data from webcam tiempovistazo_4289038
2017-08-20 20:21:29,375 - INFO - Get data from webcam tiempovistazo_41161087
